==71901== Memcheck, a memory error detector
==71901== Copyright (C) 2002-2017, and GNU GPL'd, by Julian Seward et al.
==71901== Using Valgrind-3.18.1 and LibVEX; rerun with -h for copyright info
==71901== Command: ./fractol 2
==71901== Parent PID: 71900
==71901== 
==71901== 
==71901== Process terminating with default action of signal 2 (SIGINT)
==71901==    at 0x10B72A: calculate_iterator (render.c:52)
==71901==    by 0x10B7AC: set_color (render.c:59)
==71901==    by 0x10B015: view_draw (view.c:36)
==71901==    by 0x10B7F4: render (render.c:68)
==71901==    by 0x10C60C: mlx_loop (in /home/jrandet/Ecole42/cercle_2/fractol/fractol)
==71901==    by 0x10AD7F: main (main.c:119)
==71901== 
==71901== HEAP SUMMARY:
==71901==     in use at exit: 102,298 bytes in 108 blocks
==71901==   total heap usage: 73,025 allocs, 72,917 frees, 1,867,966 bytes allocated
==71901== 
==71901== LEAK SUMMARY:
==71901==    definitely lost: 0 bytes in 0 blocks
==71901==    indirectly lost: 0 bytes in 0 blocks
==71901==      possibly lost: 0 bytes in 0 blocks
==71901==    still reachable: 102,298 bytes in 108 blocks
==71901==         suppressed: 0 bytes in 0 blocks
==71901== Reachable blocks (those to which a pointer was found) are not shown.
==71901== To see them, rerun with: --leak-check=full --show-leak-kinds=all
==71901== 
==71901== ERROR SUMMARY: 0 errors from 0 contexts (suppressed: 1 from 1)
--71901-- 
--71901-- used_suppression:      1 X on SUSE11 writev uninit padding /usr/libexec/valgrind/default.supp:377
==71901== 
==71901== ERROR SUMMARY: 0 errors from 0 contexts (suppressed: 1 from 1)
